<?xml version="1.0" encoding="UTF-8"?>
<testsuite xmlns:xsi="http://www.w3.org/2001/XMLSchema-instance" xsi:noNamespaceSchemaLocation="https://maven.apache.org/surefire/maven-surefire-plugin/xsd/surefire-test-report-3.0.xsd" version="3.0" name="si.sportfield.userservice.UserControllerTest" time="14.383" tests="6" errors="0" skipped="0" failures="0">
  <properties>
[...]
</properties>
  <testcase name="getAll_vrne200" classname="si.sportfield.userservice.UserControllerTest" time="1.52">
    <system-out><![CDATA[21:52:34.404 [main] INFO org.springframework.test.context.support.AnnotationConfigContextLoaderUtils -- Could not detect default configuration classes for test class [si.sportfield.userservice.UserControllerTest]: UserControllerTest does not declare any static, non-private, non-final, nested classes annotated with @Configuration.
21:52:35.111 [main] INFO org.springframework.boot.test.context.SpringBootTestContextBootstrapper -- Found @SpringBootConfiguration si.sportfield.userservice.UserServiceApplication for test class si.sportfield.userservice.UserControllerTest

  .   ____          _            __ _ _
 /\\ / ___'_ __ _ _(_)_ __  __ _ \ \ \ \
( ( )\___ | '_ | '_| | '_ \/ _` | \ \ \ \
 \\/  ___)| |_)| | | | | || (_| |  ) ) ) )
  '  |____| .__|_| |_|_| |_\__, | / / / /
 =========|_|==============|___/=/_/_/_/
 :: Spring Boot ::                (v3.2.5)

2026-03-30T21:52:37.785Z  INFO 174 --- [user-service] [           main] s.s.userservice.UserControllerTest       : Starting UserControllerTest using Java 17.0.18 with PID 174 (started by root in /app)
2026-03-30T21:52:37.787Z DEBUG 174 --- [user-service] [           main] s.s.userservice.UserControllerTest       : Running with Spring Boot v3.2.5, Spring v6.1.6
2026-03-30T21:52:37.788Z  INFO 174 --- [user-service] [           main] s.s.userservice.UserControllerTest       : No active profile set, falling back to 1 default profile: "default"
2026-03-30T21:52:46.151Z  INFO 174 --- [user-service] [           main] s.s.userservice.UserControllerTest       : Started UserControllerTest in 10.62 seconds (process running for 14.184)
]]></system-out>
  </testcase>
  <testcase name="register_vrne201" classname="si.sportfield.userservice.UserControllerTest" time="0.148"/>
  <testcase name="update_vrne200" classname="si.sportfield.userservice.UserControllerTest" time="0.037"/>
  <testcase name="getById_vrne200" classname="si.sportfield.userservice.UserControllerTest" time="0.011"/>
  <testcase name="delete_vrne204" classname="si.sportfield.userservice.UserControllerTest" time="0.018"/>
  <testcase name="login_vrne200" classname="si.sportfield.userservice.UserControllerTest" time="0.01"/>
</testsuite>